  stdafx.cpp
c:\users\wjscs\downloads\스컬 - 복사본 (4)\image.h(138): warning C4244: '인수': 'float'에서 'int'(으)로 변환하면서 데이터가 손실될 수 있습니다.
  animation.cpp
  animationManager.cpp
  archer.cpp
c:\users\wjscs\downloads\스컬 - 복사본 (4)\archer.cpp(90): warning C4244: '인수': 'int'에서 'float'(으)로 변환하면서 데이터가 손실될 수 있습니다.
  basicTree.cpp
c:\users\wjscs\downloads\스컬 - 복사본 (4)\basictree.cpp(133): warning C4244: '인수': 'int'에서 'float'(으)로 변환하면서 데이터가 손실될 수 있습니다.
  bigTree.cpp
  boss.cpp
c:\users\wjscs\downloads\스컬 - 복사본 (4)\boss.cpp(92): warning C4244: '인수': 'int'에서 'float'(으)로 변환하면서 데이터가 손실될 수 있습니다.
  bullet.cpp
  cameraManager.cpp
  cherryBlossoms.cpp
c:\users\wjscs\downloads\스컬 - 복사본 (4)\cherryblossoms.cpp(131): warning C4244: '인수': 'int'에서 'float'(으)로 변환하면서 데이터가 손실될 수 있습니다.
  door.cpp
  dungeon1.cpp
  dungeonScene.cpp
  effect.cpp
  effectManager.cpp
  effectTest.cpp
c:\users\wjscs\downloads\스컬 - 복사본 (4)\effecttest.cpp(28): error C2664: 'void effectManager::addEffect(std::string,char *,int,int,int,int,int,float,int)': 인수 2을(를) 'const char [21]'에서 'char *'(으)로 변환할 수 없습니다.
  c:\users\wjscs\downloads\스컬 - 복사본 (4)\effecttest.cpp(28): note: 문자열 리터럴로부터의 변환은 const 한정자가 손실됩니다(/Zc:strictStrings 참조).
c:\users\wjscs\downloads\스컬 - 복사본 (4)\effecttest.cpp(29): error C2664: 'void effectManager::addEffect(std::string,char *,int,int,int,int,int,float,int)': 인수 2을(를) 'const char [22]'에서 'char *'(으)로 변환할 수 없습니다.
  c:\users\wjscs\downloads\스컬 - 복사본 (4)\effecttest.cpp(29): note: 문자열 리터럴로부터의 변환은 const 한정자가 손실됩니다(/Zc:strictStrings 참조).
  embeddedTree.cpp
c:\users\wjscs\downloads\스컬 - 복사본 (4)\embeddedtree.cpp(69): warning C4244: '인수': 'int'에서 'float'(으)로 변환하면서 데이터가 손실될 수 있습니다.
  enemy.cpp
  equipment.cpp
  fire.cpp
  flag.cpp
  코드를 생성하고 있습니다...
  컴파일하고 있습니다...
  flag2.cpp
  gameNode.cpp
  hammer.cpp
c:\users\wjscs\downloads\스컬 - 복사본 (4)\hammer.cpp(90): warning C4244: '인수': 'int'에서 'float'(으)로 변환하면서 데이터가 손실될 수 있습니다.
  head.cpp
  image.cpp
c:\users\wjscs\downloads\스컬 - 복사본 (4)\image.cpp(98): error C2664: 'HANDLE LoadImageW(HINSTANCE,LPCWSTR,UINT,int,int,UINT)': 인수 2을(를) 'const char *'에서 'LPCWSTR'(으)로 변환할 수 없습니다.
  c:\users\wjscs\downloads\스컬 - 복사본 (4)\image.cpp(102): note: 가리킨 형식이 관련이 없습니다. 변환하려면 reinterpret_cast, C 스타일 캐스트 또는 함수 스타일 캐스트가 필요합니다.
c:\users\wjscs\downloads\스컬 - 복사본 (4)\image.cpp(108): warning C4267: '초기화 중': 'size_t'에서 'int'(으)로 변환하면서 데이터가 손실될 수 있습니다.
c:\users\wjscs\downloads\스컬 - 복사본 (4)\image.cpp(160): error C2664: 'HANDLE LoadImageW(HINSTANCE,LPCWSTR,UINT,int,int,UINT)': 인수 2을(를) 'const char *'에서 'LPCWSTR'(으)로 변환할 수 없습니다.
  c:\users\wjscs\downloads\스컬 - 복사본 (4)\image.cpp(160): note: 가리킨 형식이 관련이 없습니다. 변환하려면 reinterpret_cast, C 스타일 캐스트 또는 함수 스타일 캐스트가 필요합니다.
c:\users\wjscs\downloads\스컬 - 복사본 (4)\image.cpp(167): warning C4267: '초기화 중': 'size_t'에서 'int'(으)로 변환하면서 데이터가 손실될 수 있습니다.
c:\users\wjscs\downloads\스컬 - 복사본 (4)\image.cpp(220): error C2664: 'HANDLE LoadImageW(HINSTANCE,LPCWSTR,UINT,int,int,UINT)': 인수 2을(를) 'const char *'에서 'LPCWSTR'(으)로 변환할 수 없습니다.
  c:\users\wjscs\downloads\스컬 - 복사본 (4)\image.cpp(225): note: 가리킨 형식이 관련이 없습니다. 변환하려면 reinterpret_cast, C 스타일 캐스트 또는 함수 스타일 캐스트가 필요합니다.
c:\users\wjscs\downloads\스컬 - 복사본 (4)\image.cpp(236): warning C4267: '초기화 중': 'size_t'에서 'int'(으)로 변환하면서 데이터가 손실될 수 있습니다.
c:\users\wjscs\downloads\스컬 - 복사본 (4)\image.cpp(289): error C2664: 'HANDLE LoadImageW(HINSTANCE,LPCWSTR,UINT,int,int,UINT)': 인수 2을(를) 'const char *'에서 'LPCWSTR'(으)로 변환할 수 없습니다.
  c:\users\wjscs\downloads\스컬 - 복사본 (4)\image.cpp(294): note: 가리킨 형식이 관련이 없습니다. 변환하려면 reinterpret_cast, C 스타일 캐스트 또는 함수 스타일 캐스트가 필요합니다.
c:\users\wjscs\downloads\스컬 - 복사본 (4)\image.cpp(308): warning C4267: '초기화 중': 'size_t'에서 'int'(으)로 변환하면서 데이터가 손실될 수 있습니다.
c:\users\wjscs\downloads\스컬 - 복사본 (4)\image.cpp(718): warning C4244: '인수': 'float'에서 'int'(으)로 변환하면서 데이터가 손실될 수 있습니다.
c:\users\wjscs\downloads\스컬 - 복사본 (4)\image.cpp(723): warning C4244: '인수': 'float'에서 'int'(으)로 변환하면서 데이터가 손실될 수 있습니다.
c:\users\wjscs\downloads\스컬 - 복사본 (4)\image.cpp(730): warning C4244: '인수': 'float'에서 'int'(으)로 변환하면서 데이터가 손실될 수 있습니다.
  imageManager.cpp
  introScene.cpp
  inven.cpp
  item.cpp
  itemManager.cpp
  itemNpc.cpp
  itemStore.cpp
  keyManager.cpp
  loading.cpp
c:\users\wjscs\downloads\스컬 - 복사본 (4)\loading.cpp(41): warning C4244: '=': 'float'에서 'int'(으)로 변환하면서 데이터가 손실될 수 있습니다.
c:\users\wjscs\downloads\스컬 - 복사본 (4)\loading.cpp(42): warning C4244: '=': 'float'에서 'int'(으)로 변환하면서 데이터가 손실될 수 있습니다.
c:\users\wjscs\downloads\스컬 - 복사본 (4)\loading.cpp(76): warning C4244: '=': 'float'에서 'int'(으)로 변환하면서 데이터가 손실될 수 있습니다.
c:\users\wjscs\downloads\스컬 - 복사본 (4)\loading.cpp(77): warning C4244: '=': 'float'에서 'int'(으)로 변환하면서 데이터가 손실될 수 있습니다.
c:\users\wjscs\downloads\스컬 - 복사본 (4)\loading.cpp(99): error C2664: 'HRESULT progressBar::init(char *,char *,float,float,int,int)': 인수 1을(를) 'const char [28]'에서 'char *'(으)로 변환할 수 없습니다.
  c:\users\wjscs\downloads\스컬 - 복사본 (4)\loading.cpp(99): note: 문자열 리터럴로부터의 변환은 const 한정자가 손실됩니다(/Zc:strictStrings 참조).
c:\users\wjscs\downloads\스컬 - 복사본 (4)\loading.cpp(181): warning C4244: '인수': 'int'에서 'float'(으)로 변환하면서 데이터가 손실될 수 있습니다.
c:\users\wjscs\downloads\스컬 - 복사본 (4)\loading.cpp(187): warning C4244: '인수': 'int'에서 'float'(으)로 변환하면서 데이터가 손실될 수 있습니다.
c:\users\wjscs\downloads\스컬 - 복사본 (4)\loading.cpp(193): warning C4244: '인수': 'unsigned __int64'에서 'float'(으)로 변환하면서 데이터가 손실될 수 있습니다.
c:\users\wjscs\downloads\스컬 - 복사본 (4)\loading.cpp(193): warning C4244: '인수': 'int'에서 'float'(으)로 변환하면서 데이터가 손실될 수 있습니다.
  mainGame.cpp
c:\users\wjscs\downloads\스컬 - 복사본 (4)\maingame.cpp(68): warning C4244: '인수': 'float'에서 'int'(으)로 변환하면서 데이터가 손실될 수 있습니다.
c:\users\wjscs\downloads\스컬 - 복사본 (4)\maingame.cpp(69): warning C4244: '인수': 'float'에서 'int'(으)로 변환하면서 데이터가 손실될 수 있습니다.
c:\users\wjscs\downloads\스컬 - 복사본 (4)\maingame.cpp(70): warning C4244: '인수': 'float'에서 'int'(으)로 변환하면서 데이터가 손실될 수 있습니다.
c:\users\wjscs\downloads\스컬 - 복사본 (4)\maingame.cpp(71): warning C4244: '인수': 'float'에서 'int'(으)로 변환하면서 데이터가 손실될 수 있습니다.
c:\users\wjscs\downloads\스컬 - 복사본 (4)\maingame.cpp(72): warning C4244: '인수': 'float'에서 'int'(으)로 변환하면서 데이터가 손실될 수 있습니다.
c:\users\wjscs\downloads\스컬 - 복사본 (4)\maingame.cpp(81): warning C4244: '인수': 'float'에서 'int'(으)로 변환하면서 데이터가 손실될 수 있습니다.
c:\users\wjscs\downloads\스컬 - 복사본 (4)\maingame.cpp(91): warning C4244: '인수': 'float'에서 'int'(으)로 변환하면서 데이터가 손실될 수 있습니다.
c:\users\wjscs\downloads\스컬 - 복사본 (4)\maingame.cpp(92): warning C4244: '인수': 'float'에서 'int'(으)로 변환하면서 데이터가 손실될 수 있습니다.
c:\users\wjscs\downloads\스컬 - 복사본 (4)\maingame.cpp(93): warning C4244: '인수': 'float'에서 'int'(으)로 변환하면서 데이터가 손실될 수 있습니다.
c:\users\wjscs\downloads\스컬 - 복사본 (4)\maingame.cpp(94): warning C4244: '인수': 'float'에서 'int'(으)로 변환하면서 데이터가 손실될 수 있습니다.
c:\users\wjscs\downloads\스컬 - 복사본 (4)\maingame.cpp(95): warning C4244: '인수': 'float'에서 'int'(으)로 변환하면서 데이터가 손실될 수 있습니다.
c:\users\wjscs\downloads\스컬 - 복사본 (4)\maingame.cpp(96): warning C4244: '인수': 'float'에서 'int'(으)로 변환하면서 데이터가 손실될 수 있습니다.
c:\users\wjscs\downloads\스컬 - 복사본 (4)\maingame.cpp(102): warning C4244: '인수': 'float'에서 'int'(으)로 변환하면서 데이터가 손실될 수 있습니다.
c:\users\wjscs\downloads\스컬 - 복사본 (4)\maingame.cpp(103): warning C4244: '인수': 'float'에서 'int'(으)로 변환하면서 데이터가 손실될 수 있습니다.
c:\users\wjscs\downloads\스컬 - 복사본 (4)\maingame.cpp(104): warning C4244: '인수': 'float'에서 'int'(으)로 변환하면서 데이터가 손실될 수 있습니다.
c:\users\wjscs\downloads\스컬 - 복사본 (4)\maingame.cpp(106): warning C4244: '인수': 'float'에서 'int'(으)로 변환하면서 데이터가 손실될 수 있습니다.
c:\users\wjscs\downloads\스컬 - 복사본 (4)\maingame.cpp(108): warning C4244: '인수': 'float'에서 'int'(으)로 변환하면서 데이터가 손실될 수 있습니다.
c:\users\wjscs\downloads\스컬 - 복사본 (4)\maingame.cpp(110): warning C4244: '인수': 'float'에서 'int'(으)로 변환하면서 데이터가 손실될 수 있습니다.
c:\users\wjscs\downloads\스컬 - 복사본 (4)\maingame.cpp(111): warning C4244: '인수': 'float'에서 'int'(으)로 변환하면서 데이터가 손실될 수 있습니다.
c:\users\wjscs\downloads\스컬 - 복사본 (4)\maingame.cpp(117): warning C4244: '인수': 'float'에서 'int'(으)로 변환하면서 데이터가 손실될 수 있습니다.
c:\users\wjscs\downloads\스컬 - 복사본 (4)\maingame.cpp(121): warning C4244: '인수': 'float'에서 'int'(으)로 변환하면서 데이터가 손실될 수 있습니다.
c:\users\wjscs\downloads\스컬 - 복사본 (4)\maingame.cpp(123): warning C4244: '인수': 'float'에서 'int'(으)로 변환하면서 데이터가 손실될 수 있습니다.
c:\users\wjscs\downloads\스컬 - 복사본 (4)\maingame.cpp(125): warning C4244: '인수': 'float'에서 'int'(으)로 변환하면서 데이터가 손실될 수 있습니다.
c:\users\wjscs\downloads\스컬 - 복사본 (4)\maingame.cpp(126): warning C4244: '인수': 'float'에서 'int'(으)로 변환하면서 데이터가 손실될 수 있습니다.
  mapLoad.cpp
c:\users\wjscs\downloads\스컬 - 복사본 (4)\mapload.cpp(19): error C2664: 'HANDLE CreateFileW(LPCWSTR,DWORD,DWORD,LPSECURITY_ATTRIBUTES,DWORD,DWORD,HANDLE)': 인수 1을(를) 'const char [10]'에서 'LPCWSTR'(으)로 변환할 수 없습니다.
  c:\users\wjscs\downloads\스컬 - 복사본 (4)\mapload.cpp(19): note: 가리킨 형식이 관련이 없습니다. 변환하려면 reinterpret_cast, C 스타일 캐스트 또는 함수 스타일 캐스트가 필요합니다.
c:\users\wjscs\downloads\스컬 - 복사본 (4)\mapload.cpp(34): error C2664: 'HANDLE CreateFileW(LPCWSTR,DWORD,DWORD,LPSECURITY_ATTRIBUTES,DWORD,DWORD,HANDLE)': 인수 1을(를) 'const char [10]'에서 'LPCWSTR'(으)로 변환할 수 없습니다.
  c:\users\wjscs\downloads\스컬 - 복사본 (4)\mapload.cpp(34): note: 가리킨 형식이 관련이 없습니다. 변환하려면 reinterpret_cast, C 스타일 캐스트 또는 함수 스타일 캐스트가 필요합니다.
c:\users\wjscs\downloads\스컬 - 복사본 (4)\mapload.cpp(50): error C2664: 'HANDLE CreateFileW(LPCWSTR,DWORD,DWORD,LPSECURITY_ATTRIBUTES,DWORD,DWORD,HANDLE)': 인수 1을(를) 'const char [9]'에서 'LPCWSTR'(으)로 변환할 수 없습니다.
  c:\users\wjscs\downloads\스컬 - 복사본 (4)\mapload.cpp(50): note: 가리킨 형식이 관련이 없습니다. 변환하려면 reinterpret_cast, C 스타일 캐스트 또는 함수 스타일 캐스트가 필요합니다.
  mapTool.cpp
c:\users\wjscs\downloads\스컬 - 복사본 (4)\maptool.cpp(111): error C2664: 'BOOL TextOutW(HDC,int,int,LPCWSTR,int)': 인수 4을(를) 'char [128]'에서 'LPCWSTR'(으)로 변환할 수 없습니다.
  c:\users\wjscs\downloads\스컬 - 복사본 (4)\maptool.cpp(111): note: 가리킨 형식이 관련이 없습니다. 변환하려면 reinterpret_cast, C 스타일 캐스트 또는 함수 스타일 캐스트가 필요합니다.
c:\users\wjscs\downloads\스컬 - 복사본 (4)\maptool.cpp(326): error C2664: 'HANDLE CreateFileW(LPCWSTR,DWORD,DWORD,LPSECURITY_ATTRIBUTES,DWORD,DWORD,HANDLE)': 인수 1을(를) 'const char [9]'에서 'LPCWSTR'(으)로 변환할 수 없습니다.
  c:\users\wjscs\downloads\스컬 - 복사본 (4)\maptool.cpp(326): note: 가리킨 형식이 관련이 없습니다. 변환하려면 reinterpret_cast, C 스타일 캐스트 또는 함수 스타일 캐스트가 필요합니다.
c:\users\wjscs\downloads\스컬 - 복사본 (4)\maptool.cpp(341): error C2664: 'HANDLE CreateFileW(LPCWSTR,DWORD,DWORD,LPSECURITY_ATTRIBUTES,DWORD,DWORD,HANDLE)': 인수 1을(를) 'const char [9]'에서 'LPCWSTR'(으)로 변환할 수 없습니다.
  c:\users\wjscs\downloads\스컬 - 복사본 (4)\maptool.cpp(341): note: 가리킨 형식이 관련이 없습니다. 변환하려면 reinterpret_cast, C 스타일 캐스트 또는 함수 스타일 캐스트가 필요합니다.
  middleBoss.cpp
c:\users\wjscs\downloads\스컬 - 복사본 (4)\middleboss.cpp(91): warning C4244: '인수': 'int'에서 'float'(으)로 변환하면서 데이터가 손실될 수 있습니다.
  mouse.cpp
  object.cpp
  코드를 생성하고 있습니다...
  컴파일하고 있습니다...
  page2.cpp
  page3.cpp
  page4.cpp
c:\users\wjscs\downloads\스컬 - 복사본 (4)\page4.cpp(45): warning C4244: '인수': 'int'에서 'float'(으)로 변환하면서 데이터가 손실될 수 있습니다.
c:\users\wjscs\downloads\스컬 - 복사본 (4)\page4.cpp(46): warning C4244: '인수': 'int'에서 'float'(으)로 변환하면서 데이터가 손실될 수 있습니다.
c:\users\wjscs\downloads\스컬 - 복사본 (4)\page4.cpp(57): warning C4244: '인수': 'float'에서 'int'(으)로 변환하면서 데이터가 손실될 수 있습니다.
  page5.cpp
c:\users\wjscs\downloads\스컬 - 복사본 (4)\page5.cpp(43): warning C4244: '인수': 'int'에서 'float'(으)로 변환하면서 데이터가 손실될 수 있습니다.
c:\users\wjscs\downloads\스컬 - 복사본 (4)\page5.cpp(44): warning C4244: '인수': 'int'에서 'float'(으)로 변환하면서 데이터가 손실될 수 있습니다.
c:\users\wjscs\downloads\스컬 - 복사본 (4)\page5.cpp(55): warning C4244: '인수': 'float'에서 'int'(으)로 변환하면서 데이터가 손실될 수 있습니다.
  page6.cpp
c:\users\wjscs\downloads\스컬 - 복사본 (4)\page6.cpp(42): warning C4244: '인수': 'int'에서 'float'(으)로 변환하면서 데이터가 손실될 수 있습니다.
c:\users\wjscs\downloads\스컬 - 복사본 (4)\page6.cpp(43): warning C4244: '인수': 'int'에서 'float'(으)로 변환하면서 데이터가 손실될 수 있습니다.
c:\users\wjscs\downloads\스컬 - 복사본 (4)\page6.cpp(56): warning C4244: '인수': 'float'에서 'int'(으)로 변환하면서 데이터가 손실될 수 있습니다.
  page7.cpp
c:\users\wjscs\downloads\스컬 - 복사본 (4)\page7.cpp(43): warning C4244: '인수': 'int'에서 'float'(으)로 변환하면서 데이터가 손실될 수 있습니다.
c:\users\wjscs\downloads\스컬 - 복사본 (4)\page7.cpp(44): warning C4244: '인수': 'int'에서 'float'(으)로 변환하면서 데이터가 손실될 수 있습니다.
c:\users\wjscs\downloads\스컬 - 복사본 (4)\page7.cpp(48): warning C4244: '인수': 'int'에서 'float'(으)로 변환하면서 데이터가 손실될 수 있습니다.
c:\users\wjscs\downloads\스컬 - 복사본 (4)\page7.cpp(49): warning C4244: '인수': 'int'에서 'float'(으)로 변환하면서 데이터가 손실될 수 있습니다.
c:\users\wjscs\downloads\스컬 - 복사본 (4)\page7.cpp(61): warning C4244: '인수': 'float'에서 'int'(으)로 변환하면서 데이터가 손실될 수 있습니다.
  page8.cpp
c:\users\wjscs\downloads\스컬 - 복사본 (4)\page8.cpp(46): warning C4244: '인수': 'int'에서 'float'(으)로 변환하면서 데이터가 손실될 수 있습니다.
c:\users\wjscs\downloads\스컬 - 복사본 (4)\page8.cpp(47): warning C4244: '인수': 'int'에서 'float'(으)로 변환하면서 데이터가 손실될 수 있습니다.
c:\users\wjscs\downloads\스컬 - 복사본 (4)\page8.cpp(56): warning C4244: '인수': 'int'에서 'float'(으)로 변환하면서 데이터가 손실될 수 있습니다.
c:\users\wjscs\downloads\스컬 - 복사본 (4)\page8.cpp(57): warning C4244: '인수': 'int'에서 'float'(으)로 변환하면서 데이터가 손실될 수 있습니다.
c:\users\wjscs\downloads\스컬 - 복사본 (4)\page8.cpp(72): warning C4244: '인수': 'float'에서 'int'(으)로 변환하면서 데이터가 손실될 수 있습니다.
  player.cpp
  progressBar.cpp
c:\users\wjscs\downloads\스컬 - 복사본 (4)\progressbar.cpp(14): warning C4244: '=': 'float'에서 'int'(으)로 변환하면서 데이터가 손실될 수 있습니다.
c:\users\wjscs\downloads\스컬 - 복사본 (4)\progressbar.cpp(15): warning C4244: '=': 'float'에서 'int'(으)로 변환하면서 데이터가 손실될 수 있습니다.
c:\users\wjscs\downloads\스컬 - 복사본 (4)\progressbar.cpp(17): warning C4244: '인수': 'float'에서 'int'(으)로 변환하면서 데이터가 손실될 수 있습니다.
c:\users\wjscs\downloads\스컬 - 복사본 (4)\progressbar.cpp(53): warning C4244: '=': 'float'에서 'int'(으)로 변환하면서 데이터가 손실될 수 있습니다.
  sampleBook.cpp
  savePage.cpp
  sceneManager.cpp
  skullFox.cpp
  skullGiveNpc.cpp
  soundManager.cpp
c:\users\wjscs\downloads\스컬 - 복사본 (4)\soundmanager.cpp(34): warning C4554: '|': 연산자 우선 순위에 오류가 있는지 확인하세요. 괄호를 사용하여 우선 순위를 명확하게 지정하세요.
  stoneTower.cpp
  Store.cpp
  storeScene.cpp
  swordMan.cpp
c:\users\wjscs\downloads\스컬 - 복사본 (4)\swordman.cpp(86): warning C4244: '인수': 'int'에서 'float'(으)로 변환하면서 데이터가 손실될 수 있습니다.
  tent.cpp
  코드를 생성하고 있습니다...
c:\users\wjscs\downloads\스컬 - 복사본 (4)\page8.cpp(102): warning C4715: 'page8::getSample': 모든 제어 경로에서 값을 반환하지는 않습니다.
c:\users\wjscs\downloads\스컬 - 복사본 (4)\page7.cpp(89): warning C4715: 'page7::getSample': 모든 제어 경로에서 값을 반환하지는 않습니다.
c:\users\wjscs\downloads\스컬 - 복사본 (4)\page6.cpp(69): warning C4715: 'page6::getSample': 모든 제어 경로에서 값을 반환하지는 않습니다.
c:\users\wjscs\downloads\스컬 - 복사본 (4)\page5.cpp(68): warning C4715: 'page5::getSample': 모든 제어 경로에서 값을 반환하지는 않습니다.
c:\users\wjscs\downloads\스컬 - 복사본 (4)\page4.cpp(79): warning C4715: 'page4::getSample': 모든 제어 경로에서 값을 반환하지는 않습니다.
c:\users\wjscs\downloads\스컬 - 복사본 (4)\page3.cpp(119): warning C4715: 'page3::getSample': 모든 제어 경로에서 값을 반환하지는 않습니다.
c:\users\wjscs\downloads\스컬 - 복사본 (4)\page2.cpp(125): warning C4715: 'page2::getSample': 모든 제어 경로에서 값을 반환하지는 않습니다.
  컴파일하고 있습니다...
  testScene.cpp
c:\users\wjscs\downloads\스컬 - 복사본 (4)\testscene.cpp(16): warning C4244: '인수': 'float'에서 'int'(으)로 변환하면서 데이터가 손실될 수 있습니다.
c:\users\wjscs\downloads\스컬 - 복사본 (4)\testscene.cpp(17): warning C4244: '인수': 'float'에서 'int'(으)로 변환하면서 데이터가 손실될 수 있습니다.
c:\users\wjscs\downloads\스컬 - 복사본 (4)\testscene.cpp(112): error C2664: 'HANDLE CreateFileW(LPCWSTR,DWORD,DWORD,LPSECURITY_ATTRIBUTES,DWORD,DWORD,HANDLE)': 인수 1을(를) 'const char [9]'에서 'LPCWSTR'(으)로 변환할 수 없습니다.
  c:\users\wjscs\downloads\스컬 - 복사본 (4)\testscene.cpp(112): note: 가리킨 형식이 관련이 없습니다. 변환하려면 reinterpret_cast, C 스타일 캐스트 또는 함수 스타일 캐스트가 필요합니다.
  thornTree.cpp
c:\users\wjscs\downloads\스컬 - 복사본 (4)\thorntree.cpp(127): warning C4244: '인수': 'int'에서 'float'(으)로 변환하면서 데이터가 손실될 수 있습니다.
  timeManager.cpp
c:\users\wjscs\downloads\스컬 - 복사본 (4)\timemanager.cpp(54): error C2664: 'BOOL TextOutW(HDC,int,int,LPCWSTR,int)': 인수 4을(를) 'char [256]'에서 'LPCWSTR'(으)로 변환할 수 없습니다.
  c:\users\wjscs\downloads\스컬 - 복사본 (4)\timemanager.cpp(54): note: 가리킨 형식이 관련이 없습니다. 변환하려면 reinterpret_cast, C 스타일 캐스트 또는 함수 스타일 캐스트가 필요합니다.
c:\users\wjscs\downloads\스컬 - 복사본 (4)\timemanager.cpp(58): error C2664: 'BOOL TextOutW(HDC,int,int,LPCWSTR,int)': 인수 4을(를) 'char [256]'에서 'LPCWSTR'(으)로 변환할 수 없습니다.
  c:\users\wjscs\downloads\스컬 - 복사본 (4)\timemanager.cpp(58): note: 가리킨 형식이 관련이 없습니다. 변환하려면 reinterpret_cast, C 스타일 캐스트 또는 함수 스타일 캐스트가 필요합니다.
c:\users\wjscs\downloads\스컬 - 복사본 (4)\timemanager.cpp(61): error C2664: 'BOOL TextOutW(HDC,int,int,LPCWSTR,int)': 인수 4을(를) 'char [256]'에서 'LPCWSTR'(으)로 변환할 수 없습니다.
  c:\users\wjscs\downloads\스컬 - 복사본 (4)\timemanager.cpp(61): note: 가리킨 형식이 관련이 없습니다. 변환하려면 reinterpret_cast, C 스타일 캐스트 또는 함수 스타일 캐스트가 필요합니다.
  timer.cpp
c:\users\wjscs\downloads\스컬 - 복사본 (4)\timer.cpp(101): error C2664: 'int wsprintfW(LPWSTR,LPCWSTR,...)': 인수 1을(를) 'char *'에서 'LPWSTR'(으)로 변환할 수 없습니다.
  c:\users\wjscs\downloads\스컬 - 복사본 (4)\timer.cpp(101): note: 가리킨 형식이 관련이 없습니다. 변환하려면 reinterpret_cast, C 스타일 캐스트 또는 함수 스타일 캐스트가 필요합니다.
  tower.cpp
  townScene.cpp
  tree.cpp
  txtData.cpp
c:\users\wjscs\downloads\스컬 - 복사본 (4)\txtdata.cpp(28): error C2664: 'HANDLE CreateFileW(LPCWSTR,DWORD,DWORD,LPSECURITY_ATTRIBUTES,DWORD,DWORD,HANDLE)': 인수 1을(를) 'char *'에서 'LPCWSTR'(으)로 변환할 수 없습니다.
  c:\users\wjscs\downloads\스컬 - 복사본 (4)\txtdata.cpp(35): note: 가리킨 형식이 관련이 없습니다. 변환하려면 reinterpret_cast, C 스타일 캐스트 또는 함수 스타일 캐스트가 필요합니다.
c:\users\wjscs\downloads\스컬 - 복사본 (4)\txtdata.cpp(65): error C2664: 'HANDLE CreateFileW(LPCWSTR,DWORD,DWORD,LPSECURITY_ATTRIBUTES,DWORD,DWORD,HANDLE)': 인수 1을(를) 'char *'에서 'LPCWSTR'(으)로 변환할 수 없습니다.
  c:\users\wjscs\downloads\스컬 - 복사본 (4)\txtdata.cpp(72): note: 가리킨 형식이 관련이 없습니다. 변환하려면 reinterpret_cast, C 스타일 캐스트 또는 함수 스타일 캐스트가 필요합니다.
c:\users\wjscs\downloads\스컬 - 복사본 (4)\txtdata.cpp(82): error C2440: '초기화 중': 'const char [2]'에서 'char *'(으)로 변환할 수 없습니다.
  c:\users\wjscs\downloads\스컬 - 복사본 (4)\txtdata.cpp(82): note: 문자열 리터럴로부터의 변환은 const 한정자가 손실됩니다(/Zc:strictStrings 참조).
  UI.cpp
  utils.cpp
c:\users\wjscs\downloads\스컬 - 복사본 (4)\utils.cpp(27): warning C4305: '-=': 'double'에서 'float'(으)로 잘립니다.
  winMain.cpp
c:\users\wjscs\downloads\스컬 - 복사본 (4)\winmain.cpp(153): warning C4244: 'return': 'WPARAM'에서 'int'(으)로 변환하면서 데이터가 손실될 수 있습니다.
  Wizard.cpp
c:\users\wjscs\downloads\스컬 - 복사본 (4)\wizard.cpp(86): warning C4244: '인수': 'int'에서 'float'(으)로 변환하면서 데이터가 손실될 수 있습니다.
  코드를 생성하고 있습니다...
